<?xml version="1.0" encoding="UTF-8"?>
<robot generator="Robot 3.2.2 (Python 3.9.6 on win32)" generated="20210922 23:07:16.971" rpa="false">
<suite id="s1" name="RoboFramework2" source="C:\Users\nehal\eclipse-workspace_Old\RoboFramework2">
<suite id="s1-s1" name="Demo" source="C:\Users\nehal\eclipse-workspace_Old\RoboFramework2\Demo">
<suite id="s1-s1-s1" name="Fistrob2" source="C:\Users\nehal\eclipse-workspace_Old\RoboFramework2\Demo\Fistrob2.robot">
<test id="s1-s1-s1-t1" name="Valid Login Test">
<kw name="Open Browser" library="SeleniumLibrary" type="setup">
<doc>Opens a new browser instance to the optional ``url``.</doc>
<arguments>
<arg>${appUrl}</arg>
<arg>${browser}</arg>
</arguments>
<msg timestamp="20210922 23:07:17.571" level="INFO">Opening browser 'Chrome' to base url 'https://opensource-demo.orangehrmlive.com/'.</msg>
<status status="PASS" starttime="20210922 23:07:17.570" endtime="20210922 23:07:22.513"></status>
</kw>
<kw name="Maximize Browser Window" library="SeleniumLibrary">
<doc>Maximizes current browser window.</doc>
<status status="PASS" starttime="20210922 23:07:22.514" endtime="20210922 23:07:22.660"></status>
</kw>
<kw name="Enter Username">
<kw name="Input Text" library="SeleniumLibrary">
<doc>Types the given ``text`` into the text field identified by ``locator``.</doc>
<arguments>
<arg>id:txtUsername</arg>
<arg>Admin</arg>
</arguments>
<msg timestamp="20210922 23:07:22.664" level="INFO">Typing text 'Admin' into text field 'id:txtUsername'.</msg>
<status status="PASS" starttime="20210922 23:07:22.663" endtime="20210922 23:07:23.023"></status>
</kw>
<status status="PASS" starttime="20210922 23:07:22.661" endtime="20210922 23:07:23.024"></status>
</kw>
<kw name="Enter Password">
<kw name="Input Text" library="SeleniumLibrary">
<doc>Types the given ``text`` into the text field identified by ``locator``.</doc>
<arguments>
<arg>xpath://input[@id='txtPassword']</arg>
<arg>admin123</arg>
</arguments>
<msg timestamp="20210922 23:07:23.028" level="INFO">Typing text 'admin123' into text field 'xpath://input[@id='txtPassword']'.</msg>
<status status="PASS" starttime="20210922 23:07:23.027" endtime="20210922 23:07:23.372"></status>
</kw>
<status status="PASS" starttime="20210922 23:07:23.025" endtime="20210922 23:07:23.373"></status>
</kw>
<kw name="Click on Login Button">
<kw name="Click Button" library="SeleniumLibrary">
<doc>Clicks the button identified by ``locator``.</doc>
<arguments>
<arg>xpath://input[@id='btnLogin']</arg>
</arguments>
<msg timestamp="20210922 23:07:23.377" level="INFO">Clicking button 'xpath://input[@id='btnLogin']'.</msg>
<status status="PASS" starttime="20210922 23:07:23.375" endtime="20210922 23:07:25.691"></status>
</kw>
<status status="PASS" starttime="20210922 23:07:23.374" endtime="20210922 23:07:25.692"></status>
</kw>
<kw name="Verify the url">
<kw name="Get Location" library="SeleniumLibrary">
<doc>Returns the current browser window URL.</doc>
<assign>
<var>${url}</var>
</assign>
<msg timestamp="20210922 23:07:25.718" level="INFO">${url} = https://opensource-demo.orangehrmlive.com/index.php/dashboard</msg>
<status status="PASS" starttime="20210922 23:07:25.695" endtime="20210922 23:07:25.718"></status>
</kw>
<kw name="Log To Console" library="BuiltIn">
<doc>Logs the given message to the console.</doc>
<arguments>
<arg>${url}</arg>
</arguments>
<status status="PASS" starttime="20210922 23:07:25.719" endtime="20210922 23:07:25.721"></status>
</kw>
<kw name="Should Contain" library="BuiltIn">
<doc>Fails if ``container`` does not contain ``item`` one or more times.</doc>
<arguments>
<arg>${url}</arg>
<arg>dashboard</arg>
</arguments>
<status status="PASS" starttime="20210922 23:07:25.721" endtime="20210922 23:07:25.723"></status>
</kw>
<status status="PASS" starttime="20210922 23:07:25.693" endtime="20210922 23:07:25.724"></status>
</kw>
<kw name="Close Browser" library="SeleniumLibrary" type="teardown">
<doc>Closes the current browser.</doc>
<status status="PASS" starttime="20210922 23:07:25.725" endtime="20210922 23:07:28.145"></status>
</kw>
<tags>
<tag>Smoke</tag>
</tags>
<status status="PASS" starttime="20210922 23:07:17.569" endtime="20210922 23:07:28.146" critical="yes"></status>
</test>
<status status="PASS" starttime="20210922 23:07:17.113" endtime="20210922 23:07:28.150"></status>
</suite>
<status status="PASS" starttime="20210922 23:07:17.101" endtime="20210922 23:07:28.159"></status>
</suite>
<status status="PASS" starttime="20210922 23:07:17.047" endtime="20210922 23:07:28.166"></status>
</suite>
<statistics>
<total>
<stat pass="1" fail="0">Critical Tests</stat>
<stat pass="1" fail="0">All Tests</stat>
</total>
<tag>
<stat pass="1" fail="0">Smoke</stat>
</tag>
<suite>
<stat pass="1" fail="0" id="s1" name="RoboFramework2">RoboFramework2</stat>
<stat pass="1" fail="0" id="s1-s1" name="Demo">RoboFramework2.Demo</stat>
<stat pass="1" fail="0" id="s1-s1-s1" name="Fistrob2">RoboFramework2.Demo.Fistrob2</stat>
</suite>
</statistics>
<errors>
</errors>
</robot>
