<?xml version="1.0" encoding="UTF-8"?>
<robot generator="Robot 3.2.2 (Python 3.9.6 on win32)" generated="20210922 23:28:31.747" rpa="false">
<suite id="s1" name="Suites">
<suite id="s1-s1" name="Fistrob2" source="C:\Users\nehal\eclipse-workspace_Old\RoboFramework2\Demo\Fistrob2.robot">
<test id="s1-s1-t1" name="Valid Login Test">
<kw name="Open Browser" library="SeleniumLibrary" type="setup">
<doc>Opens a new browser instance to the optional ``url``.</doc>
<arguments>
<arg>${appUrl}</arg>
<arg>${browser}</arg>
</arguments>
<msg timestamp="20210922 23:28:32.385" level="INFO">Opening browser 'Chrome' to base url 'https://opensource-demo.orangehrmlive.com/'.</msg>
<status status="PASS" starttime="20210922 23:28:32.384" endtime="20210922 23:28:41.005"></status>
</kw>
<kw name="Maximize Browser Window" library="SeleniumLibrary">
<doc>Maximizes current browser window.</doc>
<status status="PASS" starttime="20210922 23:28:41.005" endtime="20210922 23:28:41.208"></status>
</kw>
<kw name="Enter Username">
<kw name="Input Text" library="SeleniumLibrary">
<doc>Types the given ``text`` into the text field identified by ``locator``.</doc>
<arguments>
<arg>id:txtUsername</arg>
<arg>Admin</arg>
</arguments>
<msg timestamp="20210922 23:28:41.215" level="INFO">Typing text 'Admin' into text field 'id:txtUsername'.</msg>
<status status="PASS" starttime="20210922 23:28:41.212" endtime="20210922 23:28:42.168"></status>
</kw>
<status status="PASS" starttime="20210922 23:28:41.209" endtime="20210922 23:28:42.169"></status>
</kw>
<kw name="Enter Password">
<kw name="Input Text" library="SeleniumLibrary">
<doc>Types the given ``text`` into the text field identified by ``locator``.</doc>
<arguments>
<arg>xpath://input[@id='txtPassword']</arg>
<arg>admin123</arg>
</arguments>
<msg timestamp="20210922 23:28:42.171" level="INFO">Typing text 'admin123' into text field 'xpath://input[@id='txtPassword']'.</msg>
<status status="PASS" starttime="20210922 23:28:42.170" endtime="20210922 23:28:42.686"></status>
</kw>
<status status="PASS" starttime="20210922 23:28:42.169" endtime="20210922 23:28:42.687"></status>
</kw>
<kw name="Click on Login Button">
<kw name="Click Button" library="SeleniumLibrary">
<doc>Clicks the button identified by ``locator``.</doc>
<arguments>
<arg>xpath://input[@id='btnLogin']</arg>
</arguments>
<msg timestamp="20210922 23:28:42.690" level="INFO">Clicking button 'xpath://input[@id='btnLogin']'.</msg>
<status status="PASS" starttime="20210922 23:28:42.689" endtime="20210922 23:28:46.543"></status>
</kw>
<status status="PASS" starttime="20210922 23:28:42.687" endtime="20210922 23:28:46.544"></status>
</kw>
<kw name="Verify the url">
<kw name="Get Location" library="SeleniumLibrary">
<doc>Returns the current browser window URL.</doc>
<assign>
<var>${url}</var>
</assign>
<msg timestamp="20210922 23:28:46.566" level="INFO">${url} = https://opensource-demo.orangehrmlive.com/index.php/dashboard</msg>
<status status="PASS" starttime="20210922 23:28:46.546" endtime="20210922 23:28:46.566"></status>
</kw>
<kw name="Log To Console" library="BuiltIn">
<doc>Logs the given message to the console.</doc>
<arguments>
<arg>${url}</arg>
</arguments>
<status status="PASS" starttime="20210922 23:28:46.566" endtime="20210922 23:28:46.568"></status>
</kw>
<kw name="Should Contain" library="BuiltIn">
<doc>Fails if ``container`` does not contain ``item`` one or more times.</doc>
<arguments>
<arg>${url}</arg>
<arg>dashboard</arg>
</arguments>
<status status="PASS" starttime="20210922 23:28:46.568" endtime="20210922 23:28:46.570"></status>
</kw>
<status status="PASS" starttime="20210922 23:28:46.544" endtime="20210922 23:28:46.570"></status>
</kw>
<kw name="Close Browser" library="SeleniumLibrary" type="teardown">
<doc>Closes the current browser.</doc>
<status status="PASS" starttime="20210922 23:28:46.571" endtime="20210922 23:28:49.031"></status>
</kw>
<tags>
<tag>Smoke</tag>
</tags>
<status status="PASS" starttime="20210922 23:28:32.383" endtime="20210922 23:28:49.032" critical="yes"></status>
</test>
<status status="PASS" starttime="20210922 23:28:31.862" endtime="20210922 23:28:49.033"></status>
</suite>
<status status="PASS" starttime="20210922 23:28:31.778" endtime="20210922 23:28:49.036"></status>
</suite>
<statistics>
<total>
<stat pass="1" fail="0">Critical Tests</stat>
<stat pass="1" fail="0">All Tests</stat>
</total>
<tag>
<stat pass="1" fail="0">Smoke</stat>
</tag>
<suite>
<stat pass="1" fail="0" id="s1" name="Suites">Suites</stat>
<stat pass="1" fail="0" id="s1-s1" name="Fistrob2">Suites.Fistrob2</stat>
</suite>
</statistics>
<errors>
</errors>
</robot>
