<?xml version="1.0" encoding="UTF-8"?>
<robot generator="Rebot 3.2.2 (Python 3.9.6 on win32)" generated="20210922 23:28:57.306" rpa="false">
<suite id="s1" name="Suites">
<suite id="s1-s1" name="Fistrob" source="C:\Users\nehal\eclipse-workspace_Old\RoboFramework2\Demo\Fistrob.robot">
<test id="s1-s1-t1" name="Valid Login Test">
<kw name="Open Browser" library="SeleniumLibrary" type="setup">
<doc>Opens a new browser instance to the optional ``url``.</doc>
<arguments>
<arg>${appUrl}</arg>
<arg>${browser}</arg>
</arguments>
<msg timestamp="20210922 23:28:32.405" level="INFO">Opening browser 'Chrome' to base url 'https://opensource-demo.orangehrmlive.com/'.</msg>
<status status="PASS" starttime="20210922 23:28:32.404" endtime="20210922 23:28:41.700"></status>
</kw>
<kw name="Maximize Browser Window" library="SeleniumLibrary">
<doc>Maximizes current browser window.</doc>
<status status="PASS" starttime="20210922 23:28:41.701" endtime="20210922 23:28:42.183"></status>
</kw>
<kw name="Input Text" library="SeleniumLibrary">
<doc>Types the given ``text`` into the text field identified by ``locator``.</doc>
<arguments>
<arg>id:txtUsername</arg>
<arg>Admin</arg>
</arguments>
<msg timestamp="20210922 23:28:42.185" level="INFO">Typing text 'Admin' into text field 'id:txtUsername'.</msg>
<status status="PASS" starttime="20210922 23:28:42.184" endtime="20210922 23:28:42.751"></status>
</kw>
<kw name="Input Text" library="SeleniumLibrary">
<doc>Types the given ``text`` into the text field identified by ``locator``.</doc>
<arguments>
<arg>xpath://input[@id='txtPassword']</arg>
<arg>admin123</arg>
</arguments>
<msg timestamp="20210922 23:28:42.753" level="INFO">Typing text 'admin123' into text field 'xpath://input[@id='txtPassword']'.</msg>
<status status="PASS" starttime="20210922 23:28:42.751" endtime="20210922 23:28:43.067"></status>
</kw>
<kw name="Click Button" library="SeleniumLibrary">
<doc>Clicks the button identified by ``locator``.</doc>
<arguments>
<arg>xpath://input[@id='btnLogin']</arg>
</arguments>
<msg timestamp="20210922 23:28:43.068" level="INFO">Clicking button 'xpath://input[@id='btnLogin']'.</msg>
<status status="PASS" starttime="20210922 23:28:43.068" endtime="20210922 23:28:45.657"></status>
</kw>
<kw name="Get Location" library="SeleniumLibrary">
<doc>Returns the current browser window URL.</doc>
<assign>
<var>${url}</var>
</assign>
<msg timestamp="20210922 23:28:45.677" level="INFO">${url} = https://opensource-demo.orangehrmlive.com/index.php/dashboard</msg>
<status status="PASS" starttime="20210922 23:28:45.659" endtime="20210922 23:28:45.677"></status>
</kw>
<kw name="Log To Console" library="BuiltIn">
<doc>Logs the given message to the console.</doc>
<arguments>
<arg>${url}</arg>
</arguments>
<status status="PASS" starttime="20210922 23:28:45.678" endtime="20210922 23:28:45.680"></status>
</kw>
<kw name="Should Contain" library="BuiltIn">
<doc>Fails if ``container`` does not contain ``item`` one or more times.</doc>
<arguments>
<arg>${url}</arg>
<arg>dashboard</arg>
</arguments>
<status status="PASS" starttime="20210922 23:28:45.681" endtime="20210922 23:28:45.682"></status>
</kw>
<kw name="Close Browser" library="SeleniumLibrary" type="teardown">
<doc>Closes the current browser.</doc>
<status status="PASS" starttime="20210922 23:28:45.683" endtime="20210922 23:28:48.237"></status>
</kw>
<tags>
<tag>Smoke</tag>
</tags>
<status status="PASS" starttime="20210922 23:28:32.402" endtime="20210922 23:28:48.237" critical="yes"></status>
</test>
<test id="s1-s1-t2" name="InValid Login Test">
<kw name="Open Browser" library="SeleniumLibrary" type="setup">
<doc>Opens a new browser instance to the optional ``url``.</doc>
<arguments>
<arg>${appUrl}</arg>
<arg>${browser}</arg>
</arguments>
<msg timestamp="20210922 23:28:48.257" level="INFO">Opening browser 'Chrome' to base url 'https://opensource-demo.orangehrmlive.com/'.</msg>
<status status="PASS" starttime="20210922 23:28:48.255" endtime="20210922 23:28:53.376"></status>
</kw>
<kw name="Maximize Browser Window" library="SeleniumLibrary">
<doc>Maximizes current browser window.</doc>
<status status="PASS" starttime="20210922 23:28:53.376" endtime="20210922 23:28:53.546"></status>
</kw>
<kw name="Input Text" library="SeleniumLibrary">
<doc>Types the given ``text`` into the text field identified by ``locator``.</doc>
<arguments>
<arg>id:txtUsernam</arg>
<arg>Admin</arg>
</arguments>
<msg timestamp="20210922 23:28:53.548" level="INFO">Typing text 'Admin' into text field 'id:txtUsernam'.</msg>
<kw name="Capture Page Screenshot" library="SeleniumLibrary">
<doc>Takes a screenshot of the current page and embeds it into a log file.</doc>
<msg timestamp="20210922 23:28:54.394" level="INFO" html="yes">&lt;/td&gt;&lt;/tr&gt;&lt;tr&gt;&lt;td colspan="3"&gt;&lt;a href="0-selenium-screenshot-1.png"&gt;&lt;img src="0-selenium-screenshot-1.png" width="800px"&gt;&lt;/a&gt;</msg>
<status status="PASS" starttime="20210922 23:28:53.610" endtime="20210922 23:28:54.395"></status>
</kw>
<msg timestamp="20210922 23:28:54.400" level="FAIL">Element with locator 'id:txtUsernam' not found.</msg>
<status status="FAIL" starttime="20210922 23:28:53.547" endtime="20210922 23:28:54.400"></status>
</kw>
<kw name="Close Browser" library="SeleniumLibrary" type="teardown">
<doc>Closes the current browser.</doc>
<status status="PASS" starttime="20210922 23:28:54.401" endtime="20210922 23:28:56.849"></status>
</kw>
<tags>
<tag>Regression</tag>
</tags>
<status status="FAIL" starttime="20210922 23:28:48.252" endtime="20210922 23:28:56.849" critical="yes">Element with locator 'id:txtUsernam' not found.</status>
</test>
<status status="FAIL" starttime="20210922 23:28:31.907" endtime="20210922 23:28:56.853"></status>
</suite>
<suite id="s1-s2" name="Fistrob2" source="C:\Users\nehal\eclipse-workspace_Old\RoboFramework2\Demo\Fistrob2.robot">
<test id="s1-s2-t1" name="Valid Login Test">
<kw name="Open Browser" library="SeleniumLibrary" type="setup">
<doc>Opens a new browser instance to the optional ``url``.</doc>
<arguments>
<arg>${appUrl}</arg>
<arg>${browser}</arg>
</arguments>
<msg timestamp="20210922 23:28:32.385" level="INFO">Opening browser 'Chrome' to base url 'https://opensource-demo.orangehrmlive.com/'.</msg>
<status status="PASS" starttime="20210922 23:28:32.384" endtime="20210922 23:28:41.005"></status>
</kw>
<kw name="Maximize Browser Window" library="SeleniumLibrary">
<doc>Maximizes current browser window.</doc>
<status status="PASS" starttime="20210922 23:28:41.005" endtime="20210922 23:28:41.208"></status>
</kw>
<kw name="Enter Username">
<kw name="Input Text" library="SeleniumLibrary">
<doc>Types the given ``text`` into the text field identified by ``locator``.</doc>
<arguments>
<arg>id:txtUsername</arg>
<arg>Admin</arg>
</arguments>
<msg timestamp="20210922 23:28:41.215" level="INFO">Typing text 'Admin' into text field 'id:txtUsername'.</msg>
<status status="PASS" starttime="20210922 23:28:41.212" endtime="20210922 23:28:42.168"></status>
</kw>
<status status="PASS" starttime="20210922 23:28:41.209" endtime="20210922 23:28:42.169"></status>
</kw>
<kw name="Enter Password">
<kw name="Input Text" library="SeleniumLibrary">
<doc>Types the given ``text`` into the text field identified by ``locator``.</doc>
<arguments>
<arg>xpath://input[@id='txtPassword']</arg>
<arg>admin123</arg>
</arguments>
<msg timestamp="20210922 23:28:42.171" level="INFO">Typing text 'admin123' into text field 'xpath://input[@id='txtPassword']'.</msg>
<status status="PASS" starttime="20210922 23:28:42.170" endtime="20210922 23:28:42.686"></status>
</kw>
<status status="PASS" starttime="20210922 23:28:42.169" endtime="20210922 23:28:42.687"></status>
</kw>
<kw name="Click on Login Button">
<kw name="Click Button" library="SeleniumLibrary">
<doc>Clicks the button identified by ``locator``.</doc>
<arguments>
<arg>xpath://input[@id='btnLogin']</arg>
</arguments>
<msg timestamp="20210922 23:28:42.690" level="INFO">Clicking button 'xpath://input[@id='btnLogin']'.</msg>
<status status="PASS" starttime="20210922 23:28:42.689" endtime="20210922 23:28:46.543"></status>
</kw>
<status status="PASS" starttime="20210922 23:28:42.687" endtime="20210922 23:28:46.544"></status>
</kw>
<kw name="Verify the url">
<kw name="Get Location" library="SeleniumLibrary">
<doc>Returns the current browser window URL.</doc>
<assign>
<var>${url}</var>
</assign>
<msg timestamp="20210922 23:28:46.566" level="INFO">${url} = https://opensource-demo.orangehrmlive.com/index.php/dashboard</msg>
<status status="PASS" starttime="20210922 23:28:46.546" endtime="20210922 23:28:46.566"></status>
</kw>
<kw name="Log To Console" library="BuiltIn">
<doc>Logs the given message to the console.</doc>
<arguments>
<arg>${url}</arg>
</arguments>
<status status="PASS" starttime="20210922 23:28:46.566" endtime="20210922 23:28:46.568"></status>
</kw>
<kw name="Should Contain" library="BuiltIn">
<doc>Fails if ``container`` does not contain ``item`` one or more times.</doc>
<arguments>
<arg>${url}</arg>
<arg>dashboard</arg>
</arguments>
<status status="PASS" starttime="20210922 23:28:46.568" endtime="20210922 23:28:46.570"></status>
</kw>
<status status="PASS" starttime="20210922 23:28:46.544" endtime="20210922 23:28:46.570"></status>
</kw>
<kw name="Close Browser" library="SeleniumLibrary" type="teardown">
<doc>Closes the current browser.</doc>
<status status="PASS" starttime="20210922 23:28:46.571" endtime="20210922 23:28:49.031"></status>
</kw>
<tags>
<tag>Smoke</tag>
</tags>
<status status="PASS" starttime="20210922 23:28:32.383" endtime="20210922 23:28:49.032" critical="yes"></status>
</test>
<status status="PASS" starttime="20210922 23:28:31.862" endtime="20210922 23:28:49.033"></status>
</suite>
<doc>[https://pabot.org/?ref=log|Pabot] result from 2 executions.</doc>
<status status="FAIL" starttime="20210922 23:28:31.778" endtime="20210922 23:28:56.861"></status>
</suite>
<statistics>
<total>
<stat pass="2" fail="1">Critical Tests</stat>
<stat pass="2" fail="1">All Tests</stat>
</total>
<tag>
<stat pass="0" fail="1">Regression</stat>
<stat pass="2" fail="0">Smoke</stat>
</tag>
<suite>
<stat pass="2" fail="1" id="s1" name="Suites">Suites</stat>
<stat pass="1" fail="1" id="s1-s1" name="Fistrob">Suites.Fistrob</stat>
<stat pass="1" fail="0" id="s1-s2" name="Fistrob2">Suites.Fistrob2</stat>
</suite>
</statistics>
<errors>
</errors>
</robot>
